<?xml version="1.0" encoding="UTF-8"?>
<!-- Generated by org.testng.reporters.JUnitReportReporter -->
<testsuite skipped="0" hostname="LAPTOP-EV231O2N" name="navigateToHNjenkins.AT002_NavigateToLoginToMyAccount" tests="10" failures="0" timestamp="16 Jul 2018 09:06:41 GMT" time="19.215" errors="0">
  <testcase name="openBrowser" time="13.036" classname="navigateToHNjenkins.AT002_NavigateToLoginToMyAccount"/>
  <testcase name="Accountclick" time="2.379" classname="navigateToHNjenkins.AT002_NavigateToLoginToMyAccount"/>
  <testcase name="CreateAnAccount" time="1.287" classname="navigateToHNjenkins.AT002_NavigateToLoginToMyAccount"/>
  <testcase name="firstName" time="0.383" classname="navigateToHNjenkins.AT002_NavigateToLoginToMyAccount"/>
  <testcase name="lastName" time="0.168" classname="navigateToHNjenkins.AT002_NavigateToLoginToMyAccount"/>
  <testcase name="emailAddress" time="0.267" classname="navigateToHNjenkins.AT002_NavigateToLoginToMyAccount"/>
  <testcase name="password" time="0.149" classname="navigateToHNjenkins.AT002_NavigateToLoginToMyAccount"/>
  <testcase name="reenterPassword" time="0.105" classname="navigateToHNjenkins.AT002_NavigateToLoginToMyAccount"/>
  <testcase name="checkBox" time="0.102" classname="navigateToHNjenkins.AT002_NavigateToLoginToMyAccount"/>
  <testcase name="submitButton" time="1.339" classname="navigateToHNjenkins.AT002_NavigateToLoginToMyAccount"/>
</testsuite> <!-- navigateToHNjenkins.AT002_NavigateToLoginToMyAccount -->
