<?xml version="1.0" encoding="UTF-8"?>
<!-- Generated by org.testng.reporters.JUnitReportReporter -->
<testsuite hostname="LAPTOP-EV231O2N" name="navigateToHNjenkins.AT002_NavigateToLoginToMyAccount" tests="10" failures="0" timestamp="16 Jul 2018 09:24:30 GMT" time="13.846" errors="0">
  <testcase name="CreateAnAccount" time="2.403" classname="navigateToHNjenkins.AT002_NavigateToLoginToMyAccount"/>
  <testcase name="emailAddress" time="0.181" classname="navigateToHNjenkins.AT002_NavigateToLoginToMyAccount"/>
  <testcase name="checkBox" time="0.126" classname="navigateToHNjenkins.AT002_NavigateToLoginToMyAccount"/>
  <testcase name="lastName" time="0.115" classname="navigateToHNjenkins.AT002_NavigateToLoginToMyAccount"/>
  <testcase name="firstName" time="0.180" classname="navigateToHNjenkins.AT002_NavigateToLoginToMyAccount"/>
  <testcase name="Accountclick" time="1.453" classname="navigateToHNjenkins.AT002_NavigateToLoginToMyAccount"/>
  <testcase name="openBrowser" time="7.733" classname="navigateToHNjenkins.AT002_NavigateToLoginToMyAccount"/>
  <testcase name="reenterPassword" time="0.144" classname="navigateToHNjenkins.AT002_NavigateToLoginToMyAccount"/>
  <testcase name="password" time="0.115" classname="navigateToHNjenkins.AT002_NavigateToLoginToMyAccount"/>
  <testcase name="submitButton" time="1.396" classname="navigateToHNjenkins.AT002_NavigateToLoginToMyAccount"/>
</testsuite> <!-- navigateToHNjenkins.AT002_NavigateToLoginToMyAccount -->
